<?xml version="1.0" encoding="UTF-8"?>
<!-- Generated by org.testng.reporters.JUnitReportReporter -->
<testsuite hostname="KIRAN-ASUS-LAP" failures="0" tests="1" name="com.qa.testScriptsSignup.TestCasesSignup" time="73.793" errors="0" timestamp="2023-02-23T21:00:23 IST" skipped="0">
  <testcase classname="com.qa.testScriptsSignup.TestCasesSignup" name="verifySignupNowButton" time="73.793"/>
  <system-out/>
</testsuite> <!-- com.qa.testScriptsSignup.TestCasesSignup -->
