<?xml version="1.0" encoding="UTF-8"?>
<!-- Generated by org.testng.reporters.JUnitReportReporter -->
<testsuite hostname="KIRAN-ASUS-LAP" failures="0" tests="6" name="com.qa.testScriptsHomePage.TestCases" time="129.262" errors="0" timestamp="2023-02-28T18:24:49 IST" skipped="0">
  <testcase classname="com.qa.testScriptsHomePage.TestCases" name="gotoHomePage" time="20.836"/>
  <system-out/>
  <testcase classname="com.qa.testScriptsHomePage.TestCases" name="gotoAboutusPage" time="25.428"/>
  <system-out/>
  <testcase classname="com.qa.testScriptsHomePage.TestCases" name="gotoTemplatesOrDesignsPage" time="16.684"/>
  <system-out/>
  <testcase classname="com.qa.testScriptsHomePage.TestCases" name="clickCreateYourResumeNow" time="25.407"/>
  <system-out/>
  <testcase classname="com.qa.testScriptsHomePage.TestCases" name="getStarted" time="25.787"/>
  <system-out/>
  <testcase classname="com.qa.testScriptsHomePage.TestCases" name="seeMoreTemplates" time="15.120"/>
  <system-out/>
</testsuite> <!-- com.qa.testScriptsHomePage.TestCases -->
