<?xml version="1.0" encoding="UTF-8"?>
<!-- Generated by org.testng.reporters.JUnitReportReporter -->
<testsuite hostname="KIRAN-ASUS-LAP" failures="0" tests="6" name="com.qa.testScriptsHomePage.TestCasesHomePage" time="145.317" errors="0" timestamp="2023-03-01T19:04:14 IST" skipped="0">
  <testcase classname="com.qa.testScriptsHomePage.TestCasesHomePage" name="gotoHomePage" time="20.825"/>
  <system-out/>
  <testcase classname="com.qa.testScriptsHomePage.TestCasesHomePage" name="gotoAboutusPage" time="22.505"/>
  <system-out/>
  <testcase classname="com.qa.testScriptsHomePage.TestCasesHomePage" name="gotoTemplatesOrDesignsPage" time="29.621"/>
  <system-out/>
  <testcase classname="com.qa.testScriptsHomePage.TestCasesHomePage" name="clickCreateYourResumeNow" time="24.388"/>
  <system-out/>
  <testcase classname="com.qa.testScriptsHomePage.TestCasesHomePage" name="getStarted" time="29.563"/>
  <system-out/>
  <testcase classname="com.qa.testScriptsHomePage.TestCasesHomePage" name="seeMoreTemplates" time="18.415"/>
  <system-out/>
</testsuite> <!-- com.qa.testScriptsHomePage.TestCasesHomePage -->
