<?xml version="1.0" encoding="UTF-8"?>
<!-- Generated by org.testng.reporters.JUnitReportReporter -->
<testsuite hostname="KIRAN-ASUS-LAP" failures="0" tests="1" name="com.qa.testScripts.TestCases" time="89.842" errors="0" timestamp="2023-02-23T21:09:50 IST" skipped="0">
  <testcase classname="com.qa.testScripts.TestCases" name="getStarted" time="89.842"/>
  <system-out/>
</testsuite> <!-- com.qa.testScripts.TestCases -->
