<?xml version="1.0" encoding="UTF-8"?>
<!-- Generated by org.testng.reporters.JUnitReportReporter -->
<testsuite hostname="KIRAN-ASUS-LAP" failures="0" tests="6" name="com.qa.testScriptsHomePage.TestCasesHomePage" time="137.995" errors="0" timestamp="2023-03-04T18:26:33 IST" skipped="0">
  <testcase classname="com.qa.testScriptsHomePage.TestCasesHomePage" name="gotoHomePage" time="19.530"/>
  <system-out/>
  <testcase classname="com.qa.testScriptsHomePage.TestCasesHomePage" name="gotoAboutusPage" time="22.471"/>
  <system-out/>
  <testcase classname="com.qa.testScriptsHomePage.TestCasesHomePage" name="gotoTemplatesOrDesignsPage" time="21.738"/>
  <system-out/>
  <testcase classname="com.qa.testScriptsHomePage.TestCasesHomePage" name="clickCreateYourResumeNow" time="27.402"/>
  <system-out/>
  <testcase classname="com.qa.testScriptsHomePage.TestCasesHomePage" name="getStarted" time="28.141"/>
  <system-out/>
  <testcase classname="com.qa.testScriptsHomePage.TestCasesHomePage" name="seeMoreTemplates" time="18.713"/>
  <system-out/>
</testsuite> <!-- com.qa.testScriptsHomePage.TestCasesHomePage -->
