<?xml version="1.0" encoding="UTF-8"?>
<!-- Generated by org.testng.reporters.JUnitReportReporter -->
<testsuite hostname="KIRAN-ASUS-LAP" failures="0" tests="6" name="com.qa.testScriptsHomePage.TestCasesHomePage" time="123.832" errors="0" timestamp="2023-03-05T09:22:31 IST" skipped="0">
  <testcase classname="com.qa.testScriptsHomePage.TestCasesHomePage" name="gotoHomePage" time="19.133"/>
  <system-out/>
  <testcase classname="com.qa.testScriptsHomePage.TestCasesHomePage" name="gotoAboutusPage" time="18.329"/>
  <system-out/>
  <testcase classname="com.qa.testScriptsHomePage.TestCasesHomePage" name="gotoTemplatesOrDesignsPage" time="19.447"/>
  <system-out/>
  <testcase classname="com.qa.testScriptsHomePage.TestCasesHomePage" name="clickCreateYourResumeNow" time="26.488"/>
  <system-out/>
  <testcase classname="com.qa.testScriptsHomePage.TestCasesHomePage" name="getStarted" time="25.163"/>
  <system-out/>
  <testcase classname="com.qa.testScriptsHomePage.TestCasesHomePage" name="seeMoreTemplates" time="15.272"/>
  <system-out/>
</testsuite> <!-- com.qa.testScriptsHomePage.TestCasesHomePage -->
