<?xml version="1.0" encoding="UTF-8"?>
<!-- Generated by org.testng.reporters.JUnitReportReporter -->
<testsuite hostname="KIRAN-ASUS-LAP" failures="0" tests="6" name="com.qa.testScriptsHomePage.TestCasesHomePage" time="136.012" errors="0" timestamp="2023-02-28T23:30:22 IST" skipped="0">
  <testcase classname="com.qa.testScriptsHomePage.TestCasesHomePage" name="gotoHomePage" time="20.700"/>
  <system-out/>
  <testcase classname="com.qa.testScriptsHomePage.TestCasesHomePage" name="gotoAboutusPage" time="18.899"/>
  <system-out/>
  <testcase classname="com.qa.testScriptsHomePage.TestCasesHomePage" name="gotoTemplatesOrDesignsPage" time="21.255"/>
  <system-out/>
  <testcase classname="com.qa.testScriptsHomePage.TestCasesHomePage" name="clickCreateYourResumeNow" time="28.966"/>
  <system-out/>
  <testcase classname="com.qa.testScriptsHomePage.TestCasesHomePage" name="getStarted" time="28.192"/>
  <system-out/>
  <testcase classname="com.qa.testScriptsHomePage.TestCasesHomePage" name="seeMoreTemplates" time="18.000"/>
  <system-out/>
</testsuite> <!-- com.qa.testScriptsHomePage.TestCasesHomePage -->
