<?xml version="1.0" encoding="UTF-8"?>
<!-- Generated by org.testng.reporters.JUnitReportReporter -->
<testsuite hostname="KIRAN-ASUS-LAP" failures="0" tests="6" name="com.qa.testScripts.TestCases" time="160.591" errors="0" timestamp="2023-02-26T12:23:33 IST" skipped="0">
  <testcase classname="com.qa.testScripts.TestCases" name="gotoHomePage" time="18.798"/>
  <system-out/>
  <testcase classname="com.qa.testScripts.TestCases" name="gotoAboutusPage" time="23.664"/>
  <system-out/>
  <testcase classname="com.qa.testScripts.TestCases" name="gotoTemplatesOrDesignsPage" time="19.730"/>
  <system-out/>
  <testcase classname="com.qa.testScripts.TestCases" name="clickCreateYourResumeNow" time="57.067"/>
  <system-out/>
  <testcase classname="com.qa.testScripts.TestCases" name="getStarted" time="21.639"/>
  <system-out/>
  <testcase classname="com.qa.testScripts.TestCases" name="seeMoreTemplates" time="19.693"/>
  <system-out/>
</testsuite> <!-- com.qa.testScripts.TestCases -->
